Initial State
2 4 0 
8 3 7 
6 1 5 
Step 1:
2 0 4 
8 3 7 
6 1 5 
Step 2:
2 3 4 
8 0 7 
6 1 5 
Step 3:
2 3 4 
8 1 7 
6 0 5 
Step 4:
2 3 4 
8 1 7 
0 6 5 
Step 5:
2 3 4 
0 1 7 
8 6 5 
Step 6:
2 3 4 
1 0 7 
8 6 5 
Step 7:
2 3 4 
1 7 0 
8 6 5 
Step 8:
2 3 0 
1 7 4 
8 6 5 
Step 9:
2 0 3 
1 7 4 
8 6 5 
Step 10:
0 2 3 
1 7 4 
8 6 5 
Step 11:
1 2 3 
0 7 4 
8 6 5 
Step 12:
1 2 3 
7 0 4 
8 6 5 
Step 13:
1 2 3 
7 4 0 
8 6 5 
Step 14:
1 2 3 
7 4 5 
8 6 0 
Step 15:
1 2 3 
7 4 5 
8 0 6 
Step 16:
1 2 3 
7 4 5 
0 8 6 
Step 17:
1 2 3 
0 4 5 
7 8 6 
Step 18:
1 2 3 
4 0 5 
7 8 6 
Step 19:
1 2 3 
4 5 0 
7 8 6 
Step 20:
1 2 3 
4 5 6 
7 8 0 
